ISim log file
Running: C:\Users\darchitect\Documents\workspaces\fpga\uart\Main_isim_beh.exe -intstyle ise -gui -tclbatch isim.cmd -wdb C:/Users/darchitect/Documents/workspaces/fpga/uart/Main_isim_beh.wdb 
ISim P.15xf (signature 0xc3576ebc)
This is a Full version of ISim.
Time resolution is 1 ps
# onerror resume
# wave add /
# run 1000 ns
Simulator is doing circuit initialization process.
Finished circuit initialization process.
# restart
# isim force add /main/mclock 1 -radix bin -value 0 -radix bin -time 10 ns -repeat 20 ns
# isim force add /main/mclock 1 -radix bin -value 0 -radix bin -time 10 ns -repeat 20 ns
# run 100ms
Simulator is doing circuit initialization process.
Finished circuit initialization process.
# run 100ms
# run 100ms
# run all
Stopped at time : 1107659420 ns : File "C:/Users/darchitect/Documents/workspaces/fpga/uart/UARTController.vhd" Line 62
